Info    : Running 'gmsh StepsHTX.geo -3 -format msh2 -save_all -o case.msh' [Gmsh 4.15.1-git, 1 node, max. 1 thread]
Info    : Started on Fri May  1 19:51:32 2026
Info    : Reading 'StepsHTX.geo'...
Info    : Meshing 1D...
Info    : [  0%] Meshing curve 4 (Circle)
Info    : [ 10%] Meshing curve 5 (Line)
Info    : [ 10%] Meshing curve 6 (Circle)
Info    : [ 10%] Meshing curve 7 (Circle)
Info    : [ 20%] Meshing curve 8 (Line)
Info    : [ 20%] Meshing curve 9 (Circle)
Info    : [ 20%] Meshing curve 13 (Circle)
Info    : [ 30%] Meshing curve 14 (Line)
Info    : [ 30%] Meshing curve 15 (Circle)
Info    : [ 30%] Meshing curve 16 (Circle)
Info    : [ 40%] Meshing curve 17 (Line)
Info    : [ 40%] Meshing curve 18 (Circle)
Info    : [ 40%] Meshing curve 22 (Circle)
Info    : [ 40%] Meshing curve 23 (Line)
Info    : [ 50%] Meshing curve 24 (Circle)
Info    : [ 50%] Meshing curve 25 (Circle)
Info    : [ 50%] Meshing curve 26 (Line)
Info    : [ 60%] Meshing curve 27 (Circle)
Info    : [ 60%] Meshing curve 31 (Circle)
Info    : [ 60%] Meshing curve 32 (Line)
Info    : [ 70%] Meshing curve 33 (Circle)
Info    : [ 70%] Meshing curve 34 (Circle)
Info    : [ 70%] Meshing curve 35 (Line)
Info    : [ 70%] Meshing curve 36 (Circle)
Info    : [ 80%] Meshing curve 40 (Circle)
Info    : [ 80%] Meshing curve 41 (Line)
Info    : [ 80%] Meshing curve 42 (Circle)
Info    : [ 90%] Meshing curve 43 (Circle)
Info    : [ 90%] Meshing curve 44 (Line)
Info    : [ 90%] Meshing curve 45 (Circle)
Info    : [100%] Meshing curve 46 (Circle)
Info    : [100%] Meshing curve 47 (Line)
Info    : [100%] Meshing curve 48 (Circle)
Info    : Done meshing 1D (Wall 0.618078s, CPU 0.01522s)
Info    : Meshing 2D...
Info    : [  0%] Meshing surface 4 (Cylinder, Frontal-Delaunay)
Info    : [ 10%] Meshing surface 5 (Cylinder, Frontal-Delaunay)
Info    : [ 10%] Meshing surface 6 (Plane, Frontal-Delaunay)
Info    : [ 20%] Meshing surface 7 (Plane, Frontal-Delaunay)
Info    : [ 20%] Meshing surface 11 (Cylinder, Frontal-Delaunay)
Info    : [ 30%] Meshing surface 12 (Cylinder, Frontal-Delaunay)
Info    : [ 30%] Meshing surface 13 (Plane, Frontal-Delaunay)
Info    : [ 40%] Meshing surface 14 (Plane, Frontal-Delaunay)
Info    : [ 40%] Meshing surface 18 (Cylinder, Frontal-Delaunay)
Info    : [ 40%] Meshing surface 19 (Cylinder, Frontal-Delaunay)
Info    : [ 50%] Meshing surface 20 (Plane, Frontal-Delaunay)
Info    : [ 50%] Meshing surface 21 (Plane, Frontal-Delaunay)
Info    : [ 60%] Meshing surface 25 (Cylinder, Frontal-Delaunay)
Info    : [ 60%] Meshing surface 26 (Cylinder, Frontal-Delaunay)
Info    : [ 70%] Meshing surface 27 (Plane, Frontal-Delaunay)
Info    : [ 70%] Meshing surface 28 (Plane, Frontal-Delaunay)
Info    : [ 70%] Meshing surface 32 (Cylinder, Frontal-Delaunay)
Info    : [ 80%] Meshing surface 33 (Cylinder, Frontal-Delaunay)
Info    : [ 80%] Meshing surface 34 (Plane, Frontal-Delaunay)
Info    : [ 90%] Meshing surface 35 (Plane, Frontal-Delaunay)
Info    : [ 90%] Meshing surface 36 (Cylinder, Frontal-Delaunay)
Info    : [100%] Meshing surface 37 (Plane, Frontal-Delaunay)
Info    : [100%] Meshing surface 38 (Plane, Frontal-Delaunay)
Info    : Done meshing 2D (Wall 14.7073s, CPU 14.0997s)
Info    : Meshing 3D...
Info    : 3D Meshing 6 volumes with 1 connected component
Info    : Input mesh hash 759e9c47e44a5306
Info    : Creating an empty mesh with 113014 vertices
Info    : Initialization of tet. mesh
Info    : Delaunay of     113010 points on   1 threads - mesh.nvert: 4         
Info    : Recovering 16 missing facet(s)
Info    : Recover Delaunay
Info    : All volumes of the BRep were found and colorized accordingly
Info    : Computing interpolated mesh sizes...
Info    : Done computing interpolated mesh sizes
Info    : Delaunay of     593761 points on   1 threads - mesh.nvert: 113014    
Info    :           -     496503 points filtered
Info    :           =      97258 points added
Info    : Computing interpolated mesh sizes...
Info    : Done computing interpolated mesh sizes
Info    : Delaunay of     663377 points on   1 threads - mesh.nvert: 210272    
Info    :           -     474233 points filtered
Info    :           =     189144 points added
Info    : Computing interpolated mesh sizes...
Info    : Done computing interpolated mesh sizes
Info    : Delaunay of     676108 points on   1 threads - mesh.nvert: 399416    
Info    :           -     446159 points filtered
Info    :           =     229949 points added
Info    : Computing interpolated mesh sizes...
Info    : Done computing interpolated mesh sizes
Info    : Delaunay of     446109 points on   1 threads - mesh.nvert: 629365    
Info    :           -     286900 points filtered
Info    :           =     159209 points added
Info    : Computing interpolated mesh sizes...
Info    : Done computing interpolated mesh sizes
Info    : Delaunay of     136312 points on   1 threads - mesh.nvert: 788574    
Info    :           -      78584 points filtered
Info    :           =      57728 points added
Info    : Computing interpolated mesh sizes...
Info    : Done computing interpolated mesh sizes
Info    : Delaunay of      16086 points on   1 threads - mesh.nvert: 846302    
Info    :           -       6034 points filtered
Info    :           =      10052 points added
Info    : Computing interpolated mesh sizes...
Info    : Done computing interpolated mesh sizes
Info    : Delaunay of       1068 points on   1 threads - mesh.nvert: 856354    
Info    :           -        248 points filtered
Info    :           =        820 points added
Info    : Computing interpolated mesh sizes...
Info    : Done computing interpolated mesh sizes
Info    : Delaunay of         56 points on   1 threads - mesh.nvert: 857174    
Info    :           -         15 points filtered
Info    :           =         41 points added
Info    : Computing interpolated mesh sizes...
Info    : Done computing interpolated mesh sizes
Info    : Delaunay of          2 points on   1 threads - mesh.nvert: 857215    
Info    : Computing interpolated mesh sizes...
Info    : Done computing interpolated mesh sizes
Info    : Improving     510234 tet. on   1 thrd (S & ER)
Info    : Improving      93823 tet. on   1 thrd (S & ER)
Info    : Improving      59378 tet. on   1 thrd (S & ER)
Info    : Improving      49101 tet. on   1 thrd (S & ER)
Info    : Improving      45832 tet. on   1 thrd (S & ER)
Info    : Improving      44890 tet. on   1 thrd (S & ER)
Info    : Improving      44625 tet. on   1 thrd (S & ER)
Info    : Improving      44555 tet. on   1 thrd (GSC)
Info    : Improving      10456 tet. on   1 thrd (S & ER)
Info    : Improving       7395 tet. on   1 thrd (S & ER)
Info    : Improving       6808 tet. on   1 thrd (S & ER)
Info    : Improving       6693 tet. on   1 thrd (S & ER)
Info    : Improving       6661 tet. on   1 thrd (S & ER)
Info    : Improving       6655 tet. on   1 thrd (GSC)
Info    : Improving       4120 tet. on   1 thrd (S & ER)
Info    : Improving       3740 tet. on   1 thrd (S & ER)
Info    : Improving       3696 tet. on   1 thrd (S & ER)
Info    : Improving       3688 tet. on   1 thrd (S & ER)
Info    : Improving       3685 tet. on   1 thrd (S & ER)
Info    : Improving       3682 tet. on   1 thrd (GSC)
Info    : Improving       3488 tet. on   1 thrd (S & ER)
Info    : Improving       3453 tet. on   1 thrd (S & ER)
Info    : Improving       3452 tet. on   1 thrd (S & ER)
Info    : Improving       3452 tet. on   1 thrd (GSC)
Info    : Improving       3433 tet. on   1 thrd (S & ER)
Info    :  	Final tet. mesh contains 5183862 tetrahedra
Info    :  	Final tet. mesh contains 857217 vertices
Info    : tEmptyMesh  	 = 	    0.489
Info    : tVerifyBnd  	 = 	    0.118
Info    : tBndRecovery	 = 	    1.127
Info    : tConvertMesh	 = 	    0.142
Info    : tRefine     	 = 	    5.782
Info    : tOptimize   	 = 	   17.891
Info    : Done meshing 3D (Wall 26.3586s, CPU 25.9026s)
Info    : 857217 nodes 5367632 elements
Info    : Done reading 'StepsHTX.geo'
Info    : Meshing 3D...
Info    : 3D Meshing 6 volumes with 1 connected component
Info    : Input mesh hash 5912abb1dd239a20
Info    : Creating an empty mesh with 113014 vertices
Info    : Initialization of tet. mesh
Info    : Delaunay of     113010 points on   1 threads - mesh.nvert: 4         
Info    : Recovering 16 missing facet(s)
Info    : Recover Delaunay
Info    : All volumes of the BRep were found and colorized accordingly
Info    : Computing interpolated mesh sizes...
Info    : Done computing interpolated mesh sizes
Info    : Delaunay of     593761 points on   1 threads - mesh.nvert: 113014    
Info    :           -     496503 points filtered
Info    :           =      97258 points added
Info    : Computing interpolated mesh sizes...
Info    : Done computing interpolated mesh sizes
Info    : Delaunay of     663377 points on   1 threads - mesh.nvert: 210272    
Info    :           -     474236 points filtered
Info    :           =     189141 points added
Info    : Computing interpolated mesh sizes...
Info    : Done computing interpolated mesh sizes
Info    : Delaunay of     676098 points on   1 threads - mesh.nvert: 399413    
Info    :           -     446159 points filtered
Info    :           =     229939 points added
Info    : Computing interpolated mesh sizes...
Info    : Done computing interpolated mesh sizes
Info    : Delaunay of     446130 points on   1 threads - mesh.nvert: 629352    
Info    :           -     286925 points filtered
Info    :           =     159205 points added
Info    : Computing interpolated mesh sizes...
Info    : Done computing interpolated mesh sizes
Info    : Delaunay of     136318 points on   1 threads - mesh.nvert: 788557    
Info    :           -      78584 points filtered
Info    :           =      57734 points added
Info    : Computing interpolated mesh sizes...
Info    : Done computing interpolated mesh sizes
Info    : Delaunay of      16091 points on   1 threads - mesh.nvert: 846291    
Info    :           -       6035 points filtered
Info    :           =      10056 points added
Info    : Computing interpolated mesh sizes...
Info    : Done computing interpolated mesh sizes
Info    : Delaunay of       1069 points on   1 threads - mesh.nvert: 856347    
Info    :           -        248 points filtered
Info    :           =        821 points added
Info    : Computing interpolated mesh sizes...
Info    : Done computing interpolated mesh sizes
Info    : Delaunay of         56 points on   1 threads - mesh.nvert: 857168    
Info    :           -         15 points filtered
Info    :           =         41 points added
Info    : Computing interpolated mesh sizes...
Info    : Done computing interpolated mesh sizes
Info    : Delaunay of          2 points on   1 threads - mesh.nvert: 857209    
Info    : Computing interpolated mesh sizes...
Info    : Done computing interpolated mesh sizes
Info    : Improving     510168 tet. on   1 thrd (S & ER)
Info    : Improving      93763 tet. on   1 thrd (S & ER)
Info    : Improving      59362 tet. on   1 thrd (S & ER)
Info    : Improving      49059 tet. on   1 thrd (S & ER)
Info    : Improving      45875 tet. on   1 thrd (S & ER)
Info    : Improving      44914 tet. on   1 thrd (S & ER)
Info    : Improving      44644 tet. on   1 thrd (S & ER)
Info    : Improving      44569 tet. on   1 thrd (GSC)
Info    : Improving      10436 tet. on   1 thrd (S & ER)
Info    : Improving       7392 tet. on   1 thrd (S & ER)
Info    : Improving       6817 tet. on   1 thrd (S & ER)
Info    : Improving       6708 tet. on   1 thrd (S & ER)
Info    : Improving       6666 tet. on   1 thrd (S & ER)
Info    : Improving       6657 tet. on   1 thrd (GSC)
Info    : Improving       4159 tet. on   1 thrd (S & ER)
Info    : Improving       3772 tet. on   1 thrd (S & ER)
Info    : Improving       3717 tet. on   1 thrd (S & ER)
Info    : Improving       3702 tet. on   1 thrd (S & ER)
Info    : Improving       3698 tet. on   1 thrd (S & ER)
Info    : Improving       3696 tet. on   1 thrd (GSC)
Info    : Improving       3482 tet. on   1 thrd (S & ER)
Info    : Improving       3433 tet. on   1 thrd (S & ER)
Info    : Improving       3430 tet. on   1 thrd (S & ER)
Info    : Improving       3430 tet. on   1 thrd (GSC)
Info    : Improving       3413 tet. on   1 thrd (S & ER)
Info    :  	Final tet. mesh contains 5183787 tetrahedra
Info    :  	Final tet. mesh contains 857211 vertices
Info    : tEmptyMesh  	 = 	    0.481
Info    : tVerifyBnd  	 = 	    0.113
Info    : tBndRecovery	 = 	    1.050
Info    : tConvertMesh	 = 	    0.227
Info    : tRefine     	 = 	    5.722
Info    : tOptimize   	 = 	   17.800
Info    : Done meshing 3D (Wall 26.3645s, CPU 26.0541s)
Info    : 857211 nodes 5367557 elements
Info    : Writing 'case.msh'...
Info    : Done writing 'case.msh'
Info    : Stopped on Fri May  1 19:52:47 2026 (From start: Wall 75.3113s, CPU 72.2539s)
