
Starting program Elmergrid, compiled on Nov 28 2025
Elmergrid reading in-line arguments
The mesh will be partitioned with Metis to 20 partitions.
Output will be saved to file mesh.

Elmergrid loading data:
-----------------------
Loading mesh in ElmerSolver format from directory mesh.
Loading header from mesh.header
Maximum elementtype index is: 504
Maximum number of nodes in element is: 4
Allocating for 857923 knots and 5140683 elements.
Loading 857923 Elmer nodes from mesh.nodes
Loading 5140683 bulk elements from mesh.elements
Loading 230982 boundary elements from mesh.boundary
Loading names for mesh parts from file mesh.names
Reading names for mesh bodies
Elmer mesh loaded successfully

Elmergrid creating and manipulating meshes:
-------------------------------------------

Elmergrid partitioning meshes:
------------------------------
Making a Metis partitioning for 857923 nodes in 3-dimensions.
Setting default Metis options!
Setting user defined Metis options!
Creating a nodal graph of the finite element mesh
There are at maximum 28 connections in nodal graph.
There are at all in all 12020170 connections in nodal graph.
There are 12020170 connections altogether in the graph.
Starting graph partitioning METIS_PartGraphKway.
 Runtime parameters:
   Objective type: METIS_OBJTYPE_CUT
   Coarsening type: METIS_CTYPE_SHEM
   Initial partitioning type: METIS_IPTYPE_METISRB
   Refinement type: METIS_RTYPE_GREEDY
   Perform a 2-hop matching: No
   Number of balancing constraints: 1
   Number of refinement iterations: 10
   Random number seed: -1
   Number of partitions: 20
   Number of cuts: 1
   User-supplied ufactor: 30
   Minimize connectivity: No
   Create contigous partitions: No
   Target partition weights: 
        0=[5.00e-02]   1=[5.00e-02]   2=[5.00e-02]   3=[5.00e-02]   4=[5.00e-02]
        5=[5.00e-02]   6=[5.00e-02]   7=[5.00e-02]   8=[5.00e-02]   9=[5.00e-02]
       10=[5.00e-02]  11=[5.00e-02]  12=[5.00e-02]  13=[5.00e-02]  14=[5.00e-02]
       15=[5.00e-02]  16=[5.00e-02]  17=[5.00e-02]  18=[5.00e-02]  19=[5.00e-02]
   Allowed maximum load imbalance: 1.030 


 gk_mcore statistics
           coresize:     13727624         nmops:         2048  cmop:      0
        num_callocs:           39   num_hallocs:            0
       size_callocs:     21341384  size_hallocs:            0
        cur_callocs:            0   cur_hallocs:            0
        max_callocs:      7118016   max_hallocs:            0
 nbrpool statistics
        nbrpoolsize:            0   nbrpoolcpos:            0
    nbrpoolreallocs:            0


Timing Information -------------------------------------------------
 Multilevel: 		   0.559
     Coarsening: 		   0.353
            Matching: 			   0.112
            Contract: 			   0.234
     Initial Partition: 	   0.098
     Uncoarsening: 		   0.108
          Refinement: 			   0.046
          Projection: 			   0.061
     Splitting: 		   0.000
********************************************************************

 gk_mcore statistics
           coresize:     13727624         nmops:         2048  cmop:      0
        num_callocs:           71   num_hallocs:            0
       size_callocs:     28284656  size_hallocs:            0
        cur_callocs:            0   cur_hallocs:            0
        max_callocs:     13727104   max_hallocs:            0
 nbrpool statistics
        nbrpoolsize:      2305917   nbrpoolcpos:      2142664
    nbrpoolreallocs:            5

Finished Metis graph partitioning call.
Set the element partitions by the dominating nodal partition
There are from 243789 to 266019 elements in the 20 partitions.
Checking connection integrity
Successfully made a Metis partition using the nodal graph.
Optimizing the partitioning at boundaries.
Round 1: 2886 bulk elements with BCs removed from interface.
Round 2: 56 bulk elements with BCs removed from interface.
Round 3: 56 bulk elements with BCs removed from interface.
Round 4: 56 bulk elements with BCs removed from interface.
Round 5: 28 bulk elements with BCs removed from interface.
Ownership of 2884 parents was changed at BCs
Optimizing for 20 partitions
Creating a table showing all parenting partitions of nodes.
Nodes belong to 5 partitions in maximum
There are 90442 shared nodes which is 10.54 % of all nodes.
The initial owner was not any of the elements for 0 nodes
Checking partitioning before optimization
Checking for partitioning
Information on partition bandwidth
Average 257034 elements with range 22232 in partition
Average 42896 nodes with range 2458 in partition
Average 4764 shared nodes with range 2010 in partition
Average number of elements in partition 4.290e+04
Maximum deviation in ownership 2458
Average deviation in ownership 8.631e+02
Average relative deviation 2.01 %
Checking for problematic sharings
Optimizing sharing for 20 partitions
There shouldn't be any problematic sharings, knock, knock...
Partitioning was not altered
Partitioning routines finished!
Bounding box of all nodes in mesh:
X:[-0.05,0.05] Y:[-0.0499999,0.0499996] Z:[-0.03,0.03]
Calculate Mesh Pieces in mesh:
There is a single piece in the mesh, so the mesh is conforming.

Elmergrid saving data with method 2:
-------------------------------------
Saving Elmer mesh in partitioned format
Number of boundary nodes at the boundary: 112969
Number of additional interface nodes: 0
Created subdirectory: partitioning.20
Saving mesh in parallel ElmerSolver format to directory mesh/partitioning.20.
Nodes belong to 5 partitions in maximum
Saving mesh for 20 partitions
   part  elements   nodes      shared   bc elems
   1     251330     41706      5339     14792   
   2     252618     42028      4626     15911   
   3     257737     43800      4376     10215   
   4     255528     42372      5282     5387    
   5     265542     44028      4718     8889    
   6     253615     42718      3960     5959    
   7     254772     42194      5116     9169    
   8     259648     43802      4454     13501   
   9     254969     42337      5441     15407   
   10    262032     43471      4841     16029   
   11    260817     43305      5127     15827   
   12    250195     41645      4584     16260   
   13    265453     44066      5256     7492    
   14    262118     43440      4405     6919    
   15    243834     41725      4050     10846   
   16    266066     44103      5765     13951   
   17    256345     42645      3993     18235   
   18    248881     41974      4420     10787   
   19    253544     42599      3767     6277    
   20    265639     43965      5777     9129    
----------------------------------------------------------------------------------------------
   ave   257034.1   42896.2    4764.9   11549.1  0.0     
Writing of partitioned mesh finished

Thank you for using Elmergrid!
Send bug reports and feature wishes to elmeradm@csc.fi
