
Starting program Elmergrid, compiled on Nov 28 2025
Elmergrid reading in-line arguments
The mesh will be partitioned with Metis to 20 partitions.
Output will be saved to file mesh.

Elmergrid loading data:
-----------------------
Loading mesh in ElmerSolver format from directory mesh.
Loading header from mesh.header
Maximum elementtype index is: 504
Maximum number of nodes in element is: 4
Allocating for 262144 knots and 1559319 elements.
Loading 262144 Elmer nodes from mesh.nodes
Loading 1559319 bulk elements from mesh.elements
Loading 78003 boundary elements from mesh.boundary
Loading names for mesh parts from file mesh.names
Reading names for mesh bodies
Elmer mesh loaded successfully

Elmergrid creating and manipulating meshes:
-------------------------------------------

Elmergrid partitioning meshes:
------------------------------
Making a Metis partitioning for 262144 nodes in 3-dimensions.
Setting default Metis options!
Setting user defined Metis options!
Creating a nodal graph of the finite element mesh
There are at maximum 26 connections in nodal graph.
There are at all in all 3656532 connections in nodal graph.
There are 3656532 connections altogether in the graph.
Starting graph partitioning METIS_PartGraphKway.
 Runtime parameters:
   Objective type: METIS_OBJTYPE_CUT
   Coarsening type: METIS_CTYPE_SHEM
   Initial partitioning type: METIS_IPTYPE_METISRB
   Refinement type: METIS_RTYPE_GREEDY
   Perform a 2-hop matching: No
   Number of balancing constraints: 1
   Number of refinement iterations: 10
   Random number seed: -1
   Number of partitions: 20
   Number of cuts: 1
   User-supplied ufactor: 30
   Minimize connectivity: No
   Create contigous partitions: No
   Target partition weights: 
        0=[5.00e-02]   1=[5.00e-02]   2=[5.00e-02]   3=[5.00e-02]   4=[5.00e-02]
        5=[5.00e-02]   6=[5.00e-02]   7=[5.00e-02]   8=[5.00e-02]   9=[5.00e-02]
       10=[5.00e-02]  11=[5.00e-02]  12=[5.00e-02]  13=[5.00e-02]  14=[5.00e-02]
       15=[5.00e-02]  16=[5.00e-02]  17=[5.00e-02]  18=[5.00e-02]  19=[5.00e-02]
   Allowed maximum load imbalance: 1.030 


 gk_mcore statistics
           coresize:      4195160         nmops:         2048  cmop:      0
        num_callocs:           39   num_hallocs:            0
       size_callocs:      6562672  size_hallocs:            0
        cur_callocs:            0   cur_hallocs:            0
        max_callocs:      2180544   max_hallocs:            0
 nbrpool statistics
        nbrpoolsize:            0   nbrpoolcpos:            0
    nbrpoolreallocs:            0


Timing Information -------------------------------------------------
 Multilevel: 		   0.171
     Coarsening: 		   0.094
            Matching: 			   0.029
            Contract: 			   0.063
     Initial Partition: 	   0.037
     Uncoarsening: 		   0.039
          Refinement: 			   0.017
          Projection: 			   0.021
     Splitting: 		   0.000
********************************************************************

 gk_mcore statistics
           coresize:      4195160         nmops:         2048  cmop:      0
        num_callocs:           71   num_hallocs:            0
       size_callocs:      8644208  size_hallocs:            0
        cur_callocs:            0   cur_hallocs:            0
        max_callocs:      4194624   max_hallocs:            0
 nbrpool statistics
        nbrpoolsize:      1032945   nbrpoolcpos:       906017
    nbrpoolreallocs:            6

Finished Metis graph partitioning call.
Set the element partitions by the dominating nodal partition
There are from 74198 to 81158 elements in the 20 partitions.
Checking connection integrity
Successfully made a Metis partition using the nodal graph.
Optimizing the partitioning at boundaries.
Round 1: 1467 bulk elements with BCs removed from interface.
Round 2: 57 bulk elements with BCs removed from interface.
Round 3: 56 bulk elements with BCs removed from interface.
Round 4: 56 bulk elements with BCs removed from interface.
Round 5: 28 bulk elements with BCs removed from interface.
Ownership of 1478 parents was changed at BCs
Optimizing for 20 partitions
Creating a table showing all parenting partitions of nodes.
Nodes belong to 5 partitions in maximum
There are 38621 shared nodes which is 14.73 % of all nodes.
The initial owner was not any of the elements for 0 nodes
Checking partitioning before optimization
Checking for partitioning
Information on partition bandwidth
Average 77965 elements with range 6928 in partition
Average 13107 nodes with range 754 in partition
Average 2080 shared nodes with range 1165 in partition
Average number of elements in partition 1.311e+04
Maximum deviation in ownership 754
Average deviation in ownership 2.690e+02
Average relative deviation 2.05 %
Checking for problematic sharings
Optimizing sharing for 20 partitions
There shouldn't be any problematic sharings, knock, knock...
Partitioning was not altered
Partitioning routines finished!
Bounding box of all nodes in mesh:
X:[-0.045,0.045] Y:[-0.045,0.045] Z:[-0.026,0.026]
Calculate Mesh Pieces in mesh:
There is a single piece in the mesh, so the mesh is conforming.

Elmergrid saving data with method 2:
-------------------------------------
Saving Elmer mesh in partitioned format
Number of boundary nodes at the boundary: 37761
Number of additional interface nodes: 0
Created subdirectory: partitioning.20
Saving mesh in parallel ElmerSolver format to directory mesh/partitioning.20.
Nodes belong to 5 partitions in maximum
Saving mesh for 20 partitions
   part  elements   nodes      shared   bc elems
   1     76101      13063      1701     5681    
   2     78005      12965      2356     4261    
   3     77336      12898      2456     2770    
   4     76015      12890      1649     2548    
   5     78630      13195      2199     4433    
   6     78285      13423      1768     5349    
   7     76972      12781      1980     4342    
   8     81153      13443      2662     2801    
   9     79770      13246      2197     4274    
   10    77556      13242      1828     2744    
   11    80772      13426      2008     4425    
   12    78818      13497      1681     5953    
   13    77368      12822      2475     2160    
   14    79946      13500      1930     2993    
   15    76824      12875      2059     3786    
   16    76691      12746      2750     3834    
   17    74225      12798      1585     5529    
   18    80679      13410      2311     3275    
   19    77118      13145      1781     3253    
   20    77055      12779      2225     3592    
----------------------------------------------------------------------------------------------
   ave   77965.9    13107.2    2080.1   3900.2   0.0     
Writing of partitioned mesh finished

Thank you for using Elmergrid!
Send bug reports and feature wishes to elmeradm@csc.fi
