
Starting program Elmergrid, compiled on Nov 28 2025
Elmergrid reading in-line arguments
The mesh will be partitioned with Metis to 20 partitions.
Output will be saved to file mesh.

Elmergrid loading data:
-----------------------
Loading mesh in ElmerSolver format from directory mesh.
Loading header from mesh.header
Maximum elementtype index is: 504
Maximum number of nodes in element is: 4
Allocating for 257877 knots and 1533627 elements.
Loading 257877 Elmer nodes from mesh.nodes
Loading 1533627 bulk elements from mesh.elements
Loading 75951 boundary elements from mesh.boundary
Loading names for mesh parts from file mesh.names
Reading names for mesh bodies
Elmer mesh loaded successfully

Elmergrid creating and manipulating meshes:
-------------------------------------------

Elmergrid partitioning meshes:
------------------------------
Making a Metis partitioning for 257877 nodes in 3-dimensions.
Setting default Metis options!
Setting user defined Metis options!
Creating a nodal graph of the finite element mesh
There are at maximum 26 connections in nodal graph.
There are at all in all 3596682 connections in nodal graph.
There are 3596682 connections altogether in the graph.
Starting graph partitioning METIS_PartGraphKway.
 Runtime parameters:
   Objective type: METIS_OBJTYPE_CUT
   Coarsening type: METIS_CTYPE_SHEM
   Initial partitioning type: METIS_IPTYPE_METISRB
   Refinement type: METIS_RTYPE_GREEDY
   Perform a 2-hop matching: No
   Number of balancing constraints: 1
   Number of refinement iterations: 10
   Random number seed: -1
   Number of partitions: 20
   Number of cuts: 1
   User-supplied ufactor: 30
   Minimize connectivity: No
   Create contigous partitions: No
   Target partition weights: 
        0=[5.00e-02]   1=[5.00e-02]   2=[5.00e-02]   3=[5.00e-02]   4=[5.00e-02]
        5=[5.00e-02]   6=[5.00e-02]   7=[5.00e-02]   8=[5.00e-02]   9=[5.00e-02]
       10=[5.00e-02]  11=[5.00e-02]  12=[5.00e-02]  13=[5.00e-02]  14=[5.00e-02]
       15=[5.00e-02]  16=[5.00e-02]  17=[5.00e-02]  18=[5.00e-02]  19=[5.00e-02]
   Allowed maximum load imbalance: 1.030 


 gk_mcore statistics
           coresize:      4126888         nmops:         2048  cmop:      0
        num_callocs:           39   num_hallocs:            0
       size_callocs:      6458992  size_hallocs:            0
        cur_callocs:            0   cur_hallocs:            0
        max_callocs:      2145664   max_hallocs:            0
 nbrpool statistics
        nbrpoolsize:            0   nbrpoolcpos:            0
    nbrpoolreallocs:            0


Timing Information -------------------------------------------------
 Multilevel: 		   0.168
     Coarsening: 		   0.093
            Matching: 			   0.027
            Contract: 			   0.064
     Initial Partition: 	   0.037
     Uncoarsening: 		   0.038
          Refinement: 			   0.016
          Projection: 			   0.021
     Splitting: 		   0.000
********************************************************************

 gk_mcore statistics
           coresize:      4126888         nmops:         2048  cmop:      0
        num_callocs:           71   num_hallocs:            0
       size_callocs:      8505872  size_hallocs:            0
        cur_callocs:            0   cur_hallocs:            0
        max_callocs:      4126368   max_hallocs:            0
 nbrpool statistics
        nbrpoolsize:      1014445   nbrpoolcpos:       889469
    nbrpoolreallocs:            6

Finished Metis graph partitioning call.
Set the element partitions by the dominating nodal partition
There are from 74329 to 79724 elements in the 20 partitions.
Checking connection integrity
Successfully made a Metis partition using the nodal graph.
Optimizing the partitioning at boundaries.
Round 1: 1372 bulk elements with BCs removed from interface.
Round 2: 61 bulk elements with BCs removed from interface.
Round 3: 60 bulk elements with BCs removed from interface.
Round 4: 60 bulk elements with BCs removed from interface.
Round 5: 30 bulk elements with BCs removed from interface.
Ownership of 1379 parents was changed at BCs
Optimizing for 20 partitions
Creating a table showing all parenting partitions of nodes.
Nodes belong to 4 partitions in maximum
There are 38262 shared nodes which is 14.84 % of all nodes.
The initial owner was not any of the elements for 0 nodes
Checking partitioning before optimization
Checking for partitioning
Information on partition bandwidth
Average 76681 elements with range 5430 in partition
Average 12893 nodes with range 764 in partition
Average 2057 shared nodes with range 980 in partition
Average number of elements in partition 1.289e+04
Maximum deviation in ownership 764
Average deviation in ownership 2.746e+02
Average relative deviation 2.13 %
Checking for problematic sharings
Optimizing sharing for 20 partitions
There shouldn't be any problematic sharings, knock, knock...
Partitioning was not altered
Partitioning routines finished!
Bounding box of all nodes in mesh:
X:[-0.045,0.045] Y:[-0.045,0.045] Z:[-0.026,0.026]
Calculate Mesh Pieces in mesh:
There is a single piece in the mesh, so the mesh is conforming.

Elmergrid saving data with method 2:
-------------------------------------
Saving Elmer mesh in partitioned format
Number of boundary nodes at the boundary: 36761
Number of additional interface nodes: 0
Created subdirectory: partitioning.20
Saving mesh in parallel ElmerSolver format to directory mesh/partitioning.20.
Nodes belong to 4 partitions in maximum
Saving mesh for 20 partitions
   part  elements   nodes      shared   bc elems
   1     74271      12762      1611     4715    
   2     78145      13210      1919     3099    
   3     79701      13230      2553     1747    
   4     75854      12601      2273     4999    
   5     78458      13207      2055     3637    
   6     75746      12631      2098     3450    
   7     75958      12572      2299     2369    
   8     74341      12753      1624     5753    
   9     79100      13149      2346     4236    
   10    78459      13281      1743     2337    
   11    75451      12992      1646     4222    
   12    75653      12571      2579     5206    
   13    75258      12776      1811     2982    
   14    76103      12631      2452     2400    
   15    78434      13173      2083     3770    
   16    75400      12542      1990     4171    
   17    75896      13024      1599     5577    
   18    75486      12517      2556     4561    
   19    76872      13028      1662     2410    
   20    79041      13227      2258     4310    
----------------------------------------------------------------------------------------------
   ave   76681.4    12893.9    2057.8   3797.6   0.0     
Writing of partitioned mesh finished

Thank you for using Elmergrid!
Send bug reports and feature wishes to elmeradm@csc.fi
