Info    : Running 'gmsh StepsHTX.geo -3 -format msh2 -save_all -o case.msh' [Gmsh 4.15.1-git, 1 node, max. 1 thread]
Info    : Started on Fri May  1 19:38:01 2026
Info    : Reading 'StepsHTX.geo'...
Info    : Meshing 1D...
Info    : [  0%] Meshing curve 4 (Circle)
Info    : [ 10%] Meshing curve 5 (Line)
Info    : [ 10%] Meshing curve 6 (Circle)
Info    : [ 10%] Meshing curve 7 (Circle)
Info    : [ 20%] Meshing curve 8 (Line)
Info    : [ 20%] Meshing curve 9 (Circle)
Info    : [ 20%] Meshing curve 13 (Circle)
Info    : [ 30%] Meshing curve 14 (Line)
Info    : [ 30%] Meshing curve 15 (Circle)
Info    : [ 30%] Meshing curve 16 (Circle)
Info    : [ 40%] Meshing curve 17 (Line)
Info    : [ 40%] Meshing curve 18 (Circle)
Info    : [ 40%] Meshing curve 22 (Circle)
Info    : [ 40%] Meshing curve 23 (Line)
Info    : [ 50%] Meshing curve 24 (Circle)
Info    : [ 50%] Meshing curve 25 (Circle)
Info    : [ 50%] Meshing curve 26 (Line)
Info    : [ 60%] Meshing curve 27 (Circle)
Info    : [ 60%] Meshing curve 31 (Circle)
Info    : [ 60%] Meshing curve 32 (Line)
Info    : [ 70%] Meshing curve 33 (Circle)
Info    : [ 70%] Meshing curve 34 (Circle)
Info    : [ 70%] Meshing curve 35 (Line)
Info    : [ 70%] Meshing curve 36 (Circle)
Info    : [ 80%] Meshing curve 40 (Circle)
Info    : [ 80%] Meshing curve 41 (Line)
Info    : [ 80%] Meshing curve 42 (Circle)
Info    : [ 90%] Meshing curve 43 (Circle)
Info    : [ 90%] Meshing curve 44 (Line)
Info    : [ 90%] Meshing curve 45 (Circle)
Info    : [100%] Meshing curve 46 (Circle)
Info    : [100%] Meshing curve 47 (Line)
Info    : [100%] Meshing curve 48 (Circle)
Info    : Done meshing 1D (Wall 0.491093s, CPU 0.013414s)
Info    : Meshing 2D...
Info    : [  0%] Meshing surface 4 (Cylinder, Frontal-Delaunay)
Info    : [ 10%] Meshing surface 5 (Cylinder, Frontal-Delaunay)
Info    : [ 10%] Meshing surface 6 (Plane, Frontal-Delaunay)
Info    : [ 20%] Meshing surface 7 (Plane, Frontal-Delaunay)
Info    : [ 20%] Meshing surface 11 (Cylinder, Frontal-Delaunay)
Info    : [ 30%] Meshing surface 12 (Cylinder, Frontal-Delaunay)
Info    : [ 30%] Meshing surface 13 (Plane, Frontal-Delaunay)
Info    : [ 40%] Meshing surface 14 (Plane, Frontal-Delaunay)
Info    : [ 40%] Meshing surface 18 (Cylinder, Frontal-Delaunay)
Info    : [ 40%] Meshing surface 19 (Cylinder, Frontal-Delaunay)
Info    : [ 50%] Meshing surface 20 (Plane, Frontal-Delaunay)
Info    : [ 50%] Meshing surface 21 (Plane, Frontal-Delaunay)
Info    : [ 60%] Meshing surface 25 (Cylinder, Frontal-Delaunay)
Info    : [ 60%] Meshing surface 26 (Cylinder, Frontal-Delaunay)
Info    : [ 70%] Meshing surface 27 (Plane, Frontal-Delaunay)
Info    : [ 70%] Meshing surface 28 (Plane, Frontal-Delaunay)
Info    : [ 70%] Meshing surface 32 (Cylinder, Frontal-Delaunay)
Info    : [ 80%] Meshing surface 33 (Cylinder, Frontal-Delaunay)
Info    : [ 80%] Meshing surface 34 (Plane, Frontal-Delaunay)
Info    : [ 90%] Meshing surface 35 (Plane, Frontal-Delaunay)
Info    : [ 90%] Meshing surface 36 (Cylinder, Frontal-Delaunay)
Info    : [100%] Meshing surface 37 (Plane, Frontal-Delaunay)
Info    : [100%] Meshing surface 38 (Plane, Frontal-Delaunay)
Info    : Done meshing 2D (Wall 10.6326s, CPU 9.9295s)
Info    : Meshing 3D...
Info    : 3D Meshing 6 volumes with 1 connected component
Info    : Input mesh hash ca527aa126c60f78
Info    : Creating an empty mesh with 61167 vertices
Info    : Initialization of tet. mesh
Info    : Delaunay of      61163 points on   1 threads - mesh.nvert: 4         
Info    : Recovering 30 missing facet(s)
Info    : Recover Delaunay
Info    : All volumes of the BRep were found and colorized accordingly
Info    : Computing interpolated mesh sizes...
Info    : Done computing interpolated mesh sizes
Info    : Delaunay of     297209 points on   1 threads - mesh.nvert: 61167     
Info    :           -     252233 points filtered
Info    :           =      44976 points added
Info    : Computing interpolated mesh sizes...
Info    : Done computing interpolated mesh sizes
Info    : Delaunay of     277061 points on   1 threads - mesh.nvert: 106143    
Info    :           -     197393 points filtered
Info    :           =      79668 points added
Info    : Computing interpolated mesh sizes...
Info    : Done computing interpolated mesh sizes
Info    : Delaunay of     247694 points on   1 threads - mesh.nvert: 185811    
Info    :           -     162804 points filtered
Info    :           =      84890 points added
Info    : Computing interpolated mesh sizes...
Info    : Done computing interpolated mesh sizes
Info    : Delaunay of     129521 points on   1 threads - mesh.nvert: 270701    
Info    :           -      82332 points filtered
Info    :           =      47189 points added
Info    : Computing interpolated mesh sizes...
Info    : Done computing interpolated mesh sizes
Info    : Delaunay of      23301 points on   1 threads - mesh.nvert: 317890    
Info    :           -      11369 points filtered
Info    :           =      11932 points added
Info    : Computing interpolated mesh sizes...
Info    : Done computing interpolated mesh sizes
Info    : Delaunay of       2199 points on   1 threads - mesh.nvert: 329822    
Info    :           -        639 points filtered
Info    :           =       1560 points added
Info    : Computing interpolated mesh sizes...
Info    : Done computing interpolated mesh sizes
Info    : Delaunay of        135 points on   1 threads - mesh.nvert: 331382    
Info    :           -         29 points filtered
Info    :           =        106 points added
Info    : Computing interpolated mesh sizes...
Info    : Done computing interpolated mesh sizes
Info    : Delaunay of          5 points on   1 threads - mesh.nvert: 331488    
Info    : Computing interpolated mesh sizes...
Info    : Done computing interpolated mesh sizes
Info    : Delaunay of          1 points on   1 threads - mesh.nvert: 331493    
Info    : Computing interpolated mesh sizes...
Info    : Done computing interpolated mesh sizes
Info    : Improving     196190 tet. on   1 thrd (S & ER)
Info    : Improving      36700 tet. on   1 thrd (S & ER)
Info    : Improving      23688 tet. on   1 thrd (S & ER)
Info    : Improving      19804 tet. on   1 thrd (S & ER)
Info    : Improving      18558 tet. on   1 thrd (S & ER)
Info    : Improving      18172 tet. on   1 thrd (S & ER)
Info    : Improving      18079 tet. on   1 thrd (S & ER)
Info    : Improving      18060 tet. on   1 thrd (GSC)
Info    : Improving       4340 tet. on   1 thrd (S & ER)
Info    : Improving       3134 tet. on   1 thrd (S & ER)
Info    : Improving       2863 tet. on   1 thrd (S & ER)
Info    : Improving       2804 tet. on   1 thrd (S & ER)
Info    : Improving       2787 tet. on   1 thrd (S & ER)
Info    : Improving       2785 tet. on   1 thrd (GSC)
Info    : Improving       1765 tet. on   1 thrd (S & ER)
Info    : Improving       1631 tet. on   1 thrd (S & ER)
Info    : Improving       1611 tet. on   1 thrd (S & ER)
Info    : Improving       1608 tet. on   1 thrd (S & ER)
Info    : Improving       1607 tet. on   1 thrd (GSC)
Info    : Improving       1492 tet. on   1 thrd (S & ER)
Info    : Improving       1472 tet. on   1 thrd (S & ER)
Info    : Improving       1470 tet. on   1 thrd (S & ER)
Info    : Improving       1468 tet. on   1 thrd (S & ER)
Info    : Improving       1468 tet. on   1 thrd (GSC)
Info    : Improving       1461 tet. on   1 thrd (S & ER)
Info    :  	Final tet. mesh contains 2003732 tetrahedra
Info    :  	Final tet. mesh contains 331494 vertices
Info    : tEmptyMesh  	 = 	    0.267
Info    : tVerifyBnd  	 = 	    0.056
Info    : tBndRecovery	 = 	    0.558
Info    : tConvertMesh	 = 	    0.070
Info    : tRefine     	 = 	    2.105
Info    : tOptimize   	 = 	    7.246
Info    : Done meshing 3D (Wall 10.8003s, CPU 10.4716s)
Info    : 331494 nodes 2101092 elements
Info    : Done reading 'StepsHTX.geo'
Info    : Meshing 3D...
Info    : 3D Meshing 6 volumes with 1 connected component
Info    : Input mesh hash b3207e52b331f171
Info    : Creating an empty mesh with 61167 vertices
Info    : Initialization of tet. mesh
Info    : Delaunay of      61163 points on   1 threads - mesh.nvert: 4         
Info    : Recovering 30 missing facet(s)
Info    : Recover Delaunay
Info    : All volumes of the BRep were found and colorized accordingly
Info    : Computing interpolated mesh sizes...
Info    : Done computing interpolated mesh sizes
Info    : Delaunay of     297209 points on   1 threads - mesh.nvert: 61167     
Info    :           -     252233 points filtered
Info    :           =      44976 points added
Info    : Computing interpolated mesh sizes...
Info    : Done computing interpolated mesh sizes
Info    : Delaunay of     277062 points on   1 threads - mesh.nvert: 106143    
Info    :           -     197395 points filtered
Info    :           =      79667 points added
Info    : Computing interpolated mesh sizes...
Info    : Done computing interpolated mesh sizes
Info    : Delaunay of     247697 points on   1 threads - mesh.nvert: 185810    
Info    :           -     162806 points filtered
Info    :           =      84891 points added
Info    : Computing interpolated mesh sizes...
Info    : Done computing interpolated mesh sizes
Info    : Delaunay of     129523 points on   1 threads - mesh.nvert: 270701    
Info    :           -      82332 points filtered
Info    :           =      47191 points added
Info    : Computing interpolated mesh sizes...
Info    : Done computing interpolated mesh sizes
Info    : Delaunay of      23298 points on   1 threads - mesh.nvert: 317892    
Info    :           -      11367 points filtered
Info    :           =      11931 points added
Info    : Computing interpolated mesh sizes...
Info    : Done computing interpolated mesh sizes
Info    : Delaunay of       2202 points on   1 threads - mesh.nvert: 329823    
Info    :           -        642 points filtered
Info    :           =       1560 points added
Info    : Computing interpolated mesh sizes...
Info    : Done computing interpolated mesh sizes
Info    : Delaunay of        135 points on   1 threads - mesh.nvert: 331383    
Info    :           -         29 points filtered
Info    :           =        106 points added
Info    : Computing interpolated mesh sizes...
Info    : Done computing interpolated mesh sizes
Info    : Delaunay of          5 points on   1 threads - mesh.nvert: 331489    
Info    : Computing interpolated mesh sizes...
Info    : Done computing interpolated mesh sizes
Info    : Delaunay of          1 points on   1 threads - mesh.nvert: 331494    
Info    : Computing interpolated mesh sizes...
Info    : Done computing interpolated mesh sizes
Info    : Improving     196178 tet. on   1 thrd (S & ER)
Info    : Improving      36802 tet. on   1 thrd (S & ER)
Info    : Improving      23634 tet. on   1 thrd (S & ER)
Info    : Improving      19828 tet. on   1 thrd (S & ER)
Info    : Improving      18600 tet. on   1 thrd (S & ER)
Info    : Improving      18191 tet. on   1 thrd (S & ER)
Info    : Improving      18088 tet. on   1 thrd (S & ER)
Info    : Improving      18057 tet. on   1 thrd (GSC)
Info    : Improving       4343 tet. on   1 thrd (S & ER)
Info    : Improving       3133 tet. on   1 thrd (S & ER)
Info    : Improving       2871 tet. on   1 thrd (S & ER)
Info    : Improving       2811 tet. on   1 thrd (S & ER)
Info    : Improving       2796 tet. on   1 thrd (S & ER)
Info    : Improving       2794 tet. on   1 thrd (GSC)
Info    : Improving       1759 tet. on   1 thrd (S & ER)
Info    : Improving       1627 tet. on   1 thrd (S & ER)
Info    : Improving       1607 tet. on   1 thrd (S & ER)
Info    : Improving       1603 tet. on   1 thrd (S & ER)
Info    : Improving       1601 tet. on   1 thrd (GSC)
Info    : Improving       1476 tet. on   1 thrd (S & ER)
Info    : Improving       1452 tet. on   1 thrd (S & ER)
Info    : Improving       1449 tet. on   1 thrd (S & ER)
Info    : Improving       1447 tet. on   1 thrd (S & ER)
Info    : Improving       1447 tet. on   1 thrd (GSC)
Info    : Improving       1442 tet. on   1 thrd (S & ER)
Info    :  	Final tet. mesh contains 2003693 tetrahedra
Info    :  	Final tet. mesh contains 331495 vertices
Info    : tEmptyMesh  	 = 	    0.263
Info    : tVerifyBnd  	 = 	    0.053
Info    : tBndRecovery	 = 	    0.522
Info    : tConvertMesh	 = 	    0.068
Info    : tRefine     	 = 	    2.081
Info    : tOptimize   	 = 	    7.655
Info    : Done meshing 3D (Wall 11.1024s, CPU 10.5007s)
Info    : 331495 nodes 2101053 elements
Info    : Writing 'case.msh'...
Info    : Done writing 'case.msh'
Info    : Stopped on Fri May  1 19:38:37 2026 (From start: Wall 35.8013s, CPU 33.1995s)
