
Starting program Elmergrid, compiled on Nov 28 2025
Elmergrid reading in-line arguments
The mesh will be partitioned with Metis to 20 partitions.
Output will be saved to file mesh.

Elmergrid loading data:
-----------------------
Loading mesh in ElmerSolver format from directory mesh.
Loading header from mesh.header
Maximum elementtype index is: 504
Maximum number of nodes in element is: 4
Allocating for 257336 knots and 1530302 elements.
Loading 257336 Elmer nodes from mesh.nodes
Loading 1530302 bulk elements from mesh.elements
Loading 75965 boundary elements from mesh.boundary
Loading names for mesh parts from file mesh.names
Reading names for mesh bodies
Elmer mesh loaded successfully

Elmergrid creating and manipulating meshes:
-------------------------------------------

Elmergrid partitioning meshes:
------------------------------
Making a Metis partitioning for 257336 nodes in 3-dimensions.
Setting default Metis options!
Setting user defined Metis options!
Creating a nodal graph of the finite element mesh
There are at maximum 25 connections in nodal graph.
There are at all in all 3588950 connections in nodal graph.
There are 3588950 connections altogether in the graph.
Starting graph partitioning METIS_PartGraphKway.
 Runtime parameters:
   Objective type: METIS_OBJTYPE_CUT
   Coarsening type: METIS_CTYPE_SHEM
   Initial partitioning type: METIS_IPTYPE_METISRB
   Refinement type: METIS_RTYPE_GREEDY
   Perform a 2-hop matching: No
   Number of balancing constraints: 1
   Number of refinement iterations: 10
   Random number seed: -1
   Number of partitions: 20
   Number of cuts: 1
   User-supplied ufactor: 30
   Minimize connectivity: No
   Create contigous partitions: No
   Target partition weights: 
        0=[5.00e-02]   1=[5.00e-02]   2=[5.00e-02]   3=[5.00e-02]   4=[5.00e-02]
        5=[5.00e-02]   6=[5.00e-02]   7=[5.00e-02]   8=[5.00e-02]   9=[5.00e-02]
       10=[5.00e-02]  11=[5.00e-02]  12=[5.00e-02]  13=[5.00e-02]  14=[5.00e-02]
       15=[5.00e-02]  16=[5.00e-02]  17=[5.00e-02]  18=[5.00e-02]  19=[5.00e-02]
   Allowed maximum load imbalance: 1.030 


 gk_mcore statistics
           coresize:      4118232         nmops:         2048  cmop:      0
        num_callocs:           39   num_hallocs:            0
       size_callocs:      6449048  size_hallocs:            0
        cur_callocs:            0   cur_hallocs:            0
        max_callocs:      2142336   max_hallocs:            0
 nbrpool statistics
        nbrpoolsize:            0   nbrpoolcpos:            0
    nbrpoolreallocs:            0


Timing Information -------------------------------------------------
 Multilevel: 		   0.223
     Coarsening: 		   0.148
            Matching: 			   0.044
            Contract: 			   0.102
     Initial Partition: 	   0.036
     Uncoarsening: 		   0.038
          Refinement: 			   0.017
          Projection: 			   0.021
     Splitting: 		   0.000
********************************************************************

 gk_mcore statistics
           coresize:      4118232         nmops:         2048  cmop:      0
        num_callocs:           71   num_hallocs:            0
       size_callocs:      8491760  size_hallocs:            0
        cur_callocs:            0   cur_hallocs:            0
        max_callocs:      4117696   max_hallocs:            0
 nbrpool statistics
        nbrpoolsize:      1012987   nbrpoolcpos:       898545
    nbrpoolreallocs:            6

Finished Metis graph partitioning call.
Set the element partitions by the dominating nodal partition
There are from 74575 to 78737 elements in the 20 partitions.
Checking connection integrity
Successfully made a Metis partition using the nodal graph.
Optimizing the partitioning at boundaries.
Round 1: 1309 bulk elements with BCs removed from interface.
Round 2: 55 bulk elements with BCs removed from interface.
Round 3: 54 bulk elements with BCs removed from interface.
Round 4: 54 bulk elements with BCs removed from interface.
Round 5: 27 bulk elements with BCs removed from interface.
Ownership of 1323 parents was changed at BCs
Optimizing for 20 partitions
Creating a table showing all parenting partitions of nodes.
Nodes belong to 5 partitions in maximum
There are 38609 shared nodes which is 15.00 % of all nodes.
The initial owner was not any of the elements for 0 nodes
Checking partitioning before optimization
Checking for partitioning
Information on partition bandwidth
Average 76515 elements with range 4200 in partition
Average 12866 nodes with range 755 in partition
Average 2078 shared nodes with range 965 in partition
Average number of elements in partition 1.287e+04
Maximum deviation in ownership 755
Average deviation in ownership 2.515e+02
Average relative deviation 1.95 %
Checking for problematic sharings
Optimizing sharing for 20 partitions
There shouldn't be any problematic sharings, knock, knock...
Partitioning was not altered
Partitioning routines finished!
Bounding box of all nodes in mesh:
X:[-0.045,0.045] Y:[-0.045,0.045] Z:[-0.026,0.026]
Calculate Mesh Pieces in mesh:
There is a single piece in the mesh, so the mesh is conforming.

Elmergrid saving data with method 2:
-------------------------------------
Saving Elmer mesh in partitioned format
Number of boundary nodes at the boundary: 36768
Number of additional interface nodes: 0
Created subdirectory: partitioning.20
Saving mesh in parallel ElmerSolver format to directory mesh/partitioning.20.
Nodes belong to 5 partitions in maximum
Saving mesh for 20 partitions
   part  elements   nodes      shared   bc elems
   1     76416      12670      2296     1886    
   2     74550      12785      1614     5749    
   3     75146      12501      2357     3047    
   4     77063      13117      1743     2722    
   5     76378      12675      2169     4194    
   6     77479      12868      2085     3936    
   7     76813      13208      1635     5357    
   8     77016      12794      2579     3339    
   9     77393      13250      1814     3160    
   10    76329      12667      2218     3686    
   11    75699      12576      1969     3715    
   12    74752      12778      2125     4395    
   13    75402      12496      2475     3599    
   14    76951      12871      2096     4377    
   15    77703      13251      2009     3600    
   16    76608      13139      1630     6013    
   17    76012      12661      2294     3888    
   18    77093      13146      1828     3424    
   19    76749      12724      2482     1853    
   20    78750      13159      2145     4025    
----------------------------------------------------------------------------------------------
   ave   76515.1    12866.8    2078.2   3798.2   0.0     
Writing of partitioned mesh finished

Thank you for using Elmergrid!
Send bug reports and feature wishes to elmeradm@csc.fi
