
Starting program Elmergrid, compiled on Nov 28 2025
Elmergrid reading in-line arguments
The mesh will be partitioned with Metis to 20 partitions.
Output will be saved to file mesh.

Elmergrid loading data:
-----------------------
Loading mesh in ElmerSolver format from directory mesh.
Loading header from mesh.header
Maximum elementtype index is: 504
Maximum number of nodes in element is: 4
Allocating for 261296 knots and 1553823 elements.
Loading 261296 Elmer nodes from mesh.nodes
Loading 1553823 bulk elements from mesh.elements
Loading 78001 boundary elements from mesh.boundary
Loading names for mesh parts from file mesh.names
Reading names for mesh bodies
Elmer mesh loaded successfully

Elmergrid creating and manipulating meshes:
-------------------------------------------

Elmergrid partitioning meshes:
------------------------------
Making a Metis partitioning for 261296 nodes in 3-dimensions.
Setting default Metis options!
Setting user defined Metis options!
Creating a nodal graph of the finite element mesh
There are at maximum 25 connections in nodal graph.
There are at all in all 3643844 connections in nodal graph.
There are 3643844 connections altogether in the graph.
Starting graph partitioning METIS_PartGraphKway.
 Runtime parameters:
   Objective type: METIS_OBJTYPE_CUT
   Coarsening type: METIS_CTYPE_SHEM
   Initial partitioning type: METIS_IPTYPE_METISRB
   Refinement type: METIS_RTYPE_GREEDY
   Perform a 2-hop matching: No
   Number of balancing constraints: 1
   Number of refinement iterations: 10
   Random number seed: -1
   Number of partitions: 20
   Number of cuts: 1
   User-supplied ufactor: 30
   Minimize connectivity: No
   Create contigous partitions: No
   Target partition weights: 
        0=[5.00e-02]   1=[5.00e-02]   2=[5.00e-02]   3=[5.00e-02]   4=[5.00e-02]
        5=[5.00e-02]   6=[5.00e-02]   7=[5.00e-02]   8=[5.00e-02]   9=[5.00e-02]
       10=[5.00e-02]  11=[5.00e-02]  12=[5.00e-02]  13=[5.00e-02]  14=[5.00e-02]
       15=[5.00e-02]  16=[5.00e-02]  17=[5.00e-02]  18=[5.00e-02]  19=[5.00e-02]
   Allowed maximum load imbalance: 1.030 


 gk_mcore statistics
           coresize:      4181592         nmops:         2048  cmop:      0
        num_callocs:           39   num_hallocs:            0
       size_callocs:      6543528  size_hallocs:            0
        cur_callocs:            0   cur_hallocs:            0
        max_callocs:      2174176   max_hallocs:            0
 nbrpool statistics
        nbrpoolsize:            0   nbrpoolcpos:            0
    nbrpoolreallocs:            0


Timing Information -------------------------------------------------
 Multilevel: 		   0.306
     Coarsening: 		   0.163
            Matching: 			   0.047
            Contract: 			   0.113
     Initial Partition: 	   0.073
     Uncoarsening: 		   0.069
          Refinement: 			   0.029
          Projection: 			   0.040
     Splitting: 		   0.000
********************************************************************

 gk_mcore statistics
           coresize:      4181592         nmops:         2048  cmop:      0
        num_callocs:           71   num_hallocs:            0
       size_callocs:      8618256  size_hallocs:            0
        cur_callocs:            0   cur_hallocs:            0
        max_callocs:      4181056   max_hallocs:            0
 nbrpool statistics
        nbrpoolsize:      1031760   nbrpoolcpos:       927045
    nbrpoolreallocs:            6

Finished Metis graph partitioning call.
Set the element partitions by the dominating nodal partition
There are from 74286 to 80482 elements in the 20 partitions.
Checking connection integrity
Successfully made a Metis partition using the nodal graph.
Optimizing the partitioning at boundaries.
Round 1: 1407 bulk elements with BCs removed from interface.
Round 2: 52 bulk elements with BCs removed from interface.
Round 3: 52 bulk elements with BCs removed from interface.
Round 4: 52 bulk elements with BCs removed from interface.
Round 5: 26 bulk elements with BCs removed from interface.
Ownership of 1413 parents was changed at BCs
Optimizing for 20 partitions
Creating a table showing all parenting partitions of nodes.
Nodes belong to 4 partitions in maximum
There are 39660 shared nodes which is 15.18 % of all nodes.
The initial owner was not any of the elements for 0 nodes
Checking partitioning before optimization
Checking for partitioning
Information on partition bandwidth
Average 77691 elements with range 6271 in partition
Average 13064 nodes with range 673 in partition
Average 2130 shared nodes with range 935 in partition
Average number of elements in partition 1.306e+04
Maximum deviation in ownership 673
Average deviation in ownership 2.148e+02
Average relative deviation 1.64 %
Checking for problematic sharings
Optimizing sharing for 20 partitions
There shouldn't be any problematic sharings, knock, knock...
Partitioning was not altered
Partitioning routines finished!
Bounding box of all nodes in mesh:
X:[-0.045,0.045] Y:[-0.045,0.045] Z:[-0.026,0.026]
Calculate Mesh Pieces in mesh:
There is a single piece in the mesh, so the mesh is conforming.

Elmergrid saving data with method 2:
-------------------------------------
Saving Elmer mesh in partitioned format
Number of boundary nodes at the boundary: 37760
Number of additional interface nodes: 0
Created subdirectory: partitioning.20
Saving mesh in parallel ElmerSolver format to directory mesh/partitioning.20.
Nodes belong to 4 partitions in maximum
Saving mesh for 20 partitions
   part  elements   nodes      shared   bc elems
   1     74189      12709      1641     5258    
   2     78842      13211      2428     4913    
   3     80460      13361      2477     3231    
   4     80279      13350      2213     4545    
   5     75840      12987      1930     2535    
   6     74685      12802      1831     5619    
   7     78623      13057      2512     3909    
   8     79921      13382      2447     3197    
   9     79270      13289      2067     4301    
   10    76911      12984      1724     2687    
   11    78369      12973      2574     1512    
   12    77317      12919      2025     5273    
   13    75054      12826      1773     5298    
   14    78721      13379      1746     2371    
   15    77702      12898      2501     3884    
   16    74354      12758      1660     5728    
   17    77961      12962      2423     4517    
   18    79332      13198      2576     2678    
   19    79828      13248      2117     3892    
   20    76165      13003      1943     2653    
----------------------------------------------------------------------------------------------
   ave   77691.1    13064.8    2130.4   3900.1   0.0     
Writing of partitioned mesh finished

Thank you for using Elmergrid!
Send bug reports and feature wishes to elmeradm@csc.fi
