
Starting program Elmergrid, compiled on Nov 28 2025
Elmergrid reading in-line arguments
The mesh will be partitioned with Metis to 20 partitions.
Output will be saved to file mesh.

Elmergrid loading data:
-----------------------
Loading mesh in ElmerSolver format from directory mesh.
Loading header from mesh.header
Maximum elementtype index is: 504
Maximum number of nodes in element is: 4
Allocating for 856931 knots and 5134835 elements.
Loading 856931 Elmer nodes from mesh.nodes
Loading 5134835 bulk elements from mesh.elements
Loading 231062 boundary elements from mesh.boundary
Loading names for mesh parts from file mesh.names
Reading names for mesh bodies
Elmer mesh loaded successfully

Elmergrid creating and manipulating meshes:
-------------------------------------------

Elmergrid partitioning meshes:
------------------------------
Making a Metis partitioning for 856931 nodes in 3-dimensions.
Setting default Metis options!
Setting user defined Metis options!
Creating a nodal graph of the finite element mesh
There are at maximum 27 connections in nodal graph.
There are at all in all 12006490 connections in nodal graph.
There are 12006490 connections altogether in the graph.
Starting graph partitioning METIS_PartGraphKway.
 Runtime parameters:
   Objective type: METIS_OBJTYPE_CUT
   Coarsening type: METIS_CTYPE_SHEM
   Initial partitioning type: METIS_IPTYPE_METISRB
   Refinement type: METIS_RTYPE_GREEDY
   Perform a 2-hop matching: No
   Number of balancing constraints: 1
   Number of refinement iterations: 10
   Random number seed: -1
   Number of partitions: 20
   Number of cuts: 1
   User-supplied ufactor: 30
   Minimize connectivity: No
   Create contigous partitions: No
   Target partition weights: 
        0=[5.00e-02]   1=[5.00e-02]   2=[5.00e-02]   3=[5.00e-02]   4=[5.00e-02]
        5=[5.00e-02]   6=[5.00e-02]   7=[5.00e-02]   8=[5.00e-02]   9=[5.00e-02]
       10=[5.00e-02]  11=[5.00e-02]  12=[5.00e-02]  13=[5.00e-02]  14=[5.00e-02]
       15=[5.00e-02]  16=[5.00e-02]  17=[5.00e-02]  18=[5.00e-02]  19=[5.00e-02]
   Allowed maximum load imbalance: 1.030 


 gk_mcore statistics
           coresize:     13711752         nmops:         2048  cmop:      0
        num_callocs:           39   num_hallocs:            0
       size_callocs:     21316360  size_hallocs:            0
        cur_callocs:            0   cur_hallocs:            0
        max_callocs:      7110464   max_hallocs:            0
 nbrpool statistics
        nbrpoolsize:            0   nbrpoolcpos:            0
    nbrpoolreallocs:            0


Timing Information -------------------------------------------------
 Multilevel: 		   0.555
     Coarsening: 		   0.346
            Matching: 			   0.107
            Contract: 			   0.233
     Initial Partition: 	   0.098
     Uncoarsening: 		   0.109
          Refinement: 			   0.047
          Projection: 			   0.062
     Splitting: 		   0.000
********************************************************************

 gk_mcore statistics
           coresize:     13711752         nmops:         2048  cmop:      0
        num_callocs:           71   num_hallocs:            0
       size_callocs:     28251216  size_hallocs:            0
        cur_callocs:            0   cur_hallocs:            0
        max_callocs:     13711232   max_hallocs:            0
 nbrpool statistics
        nbrpoolsize:      2295892   nbrpoolcpos:      2157074
    nbrpoolreallocs:            5

Finished Metis graph partitioning call.
Set the element partitions by the dominating nodal partition
There are from 244173 to 265942 elements in the 20 partitions.
Checking connection integrity
Successfully made a Metis partition using the nodal graph.
Optimizing the partitioning at boundaries.
Round 1: 2754 bulk elements with BCs removed from interface.
Round 2: 63 bulk elements with BCs removed from interface.
Round 3: 60 bulk elements with BCs removed from interface.
Round 4: 60 bulk elements with BCs removed from interface.
Round 5: 30 bulk elements with BCs removed from interface.
Ownership of 2767 parents was changed at BCs
Optimizing for 20 partitions
Creating a table showing all parenting partitions of nodes.
Nodes belong to 4 partitions in maximum
There are 90991 shared nodes which is 10.62 % of all nodes.
The initial owner was not any of the elements for 0 nodes
Checking partitioning before optimization
Checking for partitioning
Information on partition bandwidth
Average 256741 elements with range 21729 in partition
Average 42846 nodes with range 2364 in partition
Average 4792 shared nodes with range 1934 in partition
Average number of elements in partition 4.285e+04
Maximum deviation in ownership 2364
Average deviation in ownership 8.698e+02
Average relative deviation 2.03 %
Checking for problematic sharings
Optimizing sharing for 20 partitions
Changed the ownership of 1 nodes
There shouldn't be any problematic sharings, knock, knock...
The partitioning was optimized: 1
Checking partitioning after optimization
Checking for partitioning
Information on partition bandwidth
Average 256741 elements with range 21729 in partition
Average 42846 nodes with range 2363 in partition
Average 4792 shared nodes with range 1933 in partition
Partitioning routines finished!
Bounding box of all nodes in mesh:
X:[-0.05,0.05] Y:[-0.0499999,0.0499996] Z:[-0.03,0.03]
Calculate Mesh Pieces in mesh:
There is a single piece in the mesh, so the mesh is conforming.

Elmergrid saving data with method 2:
-------------------------------------
Saving Elmer mesh in partitioned format
Number of boundary nodes at the boundary: 113009
Number of additional interface nodes: 0
Created subdirectory: partitioning.20
Saving mesh in parallel ElmerSolver format to directory mesh/partitioning.20.
Nodes belong to 4 partitions in maximum
Saving mesh for 20 partitions
   part  elements   nodes      shared   bc elems
   1     259625     43720      3868     6177    
   2     255116     42344      5091     7483    
   3     247166     41676      5003     12608   
   4     260733     43258      5455     14002   
   5     254477     42326      4274     18629   
   6     261627     43287      5686     8396    
   7     262380     44039      3812     6101    
   8     247442     41728      5199     12251   
   9     264373     43943      4119     18774   
   10    265919     44039      5745     10842   
   11    250996     41677      4966     14162   
   12    257456     42812      4339     18678   
   13    247602     41687      4860     11870   
   14    258911     43671      4122     6224    
   15    263599     43612      5277     8520    
   16    252617     41886      5407     14444   
   17    259757     43263      4510     17707   
   18    244190     41727      4004     9899    
   19    262828     43529      4629     7742    
   20    258021     42707      5490     6553    
----------------------------------------------------------------------------------------------
   ave   256741.8   42846.6    4792.8   11553.1  0.0     
Writing of partitioned mesh finished

Thank you for using Elmergrid!
Send bug reports and feature wishes to elmeradm@csc.fi
