
Starting program Elmergrid, compiled on Nov 28 2025
Elmergrid reading in-line arguments
The mesh will be partitioned with Metis to 20 partitions.
Output will be saved to file mesh.

Elmergrid loading data:
-----------------------
Loading mesh in ElmerSolver format from directory mesh.
Loading header from mesh.header
Maximum elementtype index is: 504
Maximum number of nodes in element is: 4
Allocating for 258400 knots and 1536445 elements.
Loading 258400 Elmer nodes from mesh.nodes
Loading 1536445 bulk elements from mesh.elements
Loading 75967 boundary elements from mesh.boundary
Loading names for mesh parts from file mesh.names
Reading names for mesh bodies
Elmer mesh loaded successfully

Elmergrid creating and manipulating meshes:
-------------------------------------------

Elmergrid partitioning meshes:
------------------------------
Making a Metis partitioning for 258400 nodes in 3-dimensions.
Setting default Metis options!
Setting user defined Metis options!
Creating a nodal graph of the finite element mesh
There are at maximum 26 connections in nodal graph.
There are at all in all 3603364 connections in nodal graph.
There are 3603364 connections altogether in the graph.
Starting graph partitioning METIS_PartGraphKway.
 Runtime parameters:
   Objective type: METIS_OBJTYPE_CUT
   Coarsening type: METIS_CTYPE_SHEM
   Initial partitioning type: METIS_IPTYPE_METISRB
   Refinement type: METIS_RTYPE_GREEDY
   Perform a 2-hop matching: No
   Number of balancing constraints: 1
   Number of refinement iterations: 10
   Random number seed: -1
   Number of partitions: 20
   Number of cuts: 1
   User-supplied ufactor: 30
   Minimize connectivity: No
   Create contigous partitions: No
   Target partition weights: 
        0=[5.00e-02]   1=[5.00e-02]   2=[5.00e-02]   3=[5.00e-02]   4=[5.00e-02]
        5=[5.00e-02]   6=[5.00e-02]   7=[5.00e-02]   8=[5.00e-02]   9=[5.00e-02]
       10=[5.00e-02]  11=[5.00e-02]  12=[5.00e-02]  13=[5.00e-02]  14=[5.00e-02]
       15=[5.00e-02]  16=[5.00e-02]  17=[5.00e-02]  18=[5.00e-02]  19=[5.00e-02]
   Allowed maximum load imbalance: 1.030 


 gk_mcore statistics
           coresize:      4135256         nmops:         2048  cmop:      0
        num_callocs:           39   num_hallocs:            0
       size_callocs:      6475440  size_hallocs:            0
        cur_callocs:            0   cur_hallocs:            0
        max_callocs:      2151296   max_hallocs:            0
 nbrpool statistics
        nbrpoolsize:            0   nbrpoolcpos:            0
    nbrpoolreallocs:            0


Timing Information -------------------------------------------------
 Multilevel: 		   0.269
     Coarsening: 		   0.158
            Matching: 			   0.047
            Contract: 			   0.108
     Initial Partition: 	   0.071
     Uncoarsening: 		   0.040
          Refinement: 			   0.018
          Projection: 			   0.022
     Splitting: 		   0.000
********************************************************************

 gk_mcore statistics
           coresize:      4135256         nmops:         2048  cmop:      0
        num_callocs:           71   num_hallocs:            0
       size_callocs:      8526640  size_hallocs:            0
        cur_callocs:            0   cur_hallocs:            0
        max_callocs:      4134720   max_hallocs:            0
 nbrpool statistics
        nbrpoolsize:      1020552   nbrpoolcpos:       889174
    nbrpoolreallocs:            6

Finished Metis graph partitioning call.
Set the element partitions by the dominating nodal partition
There are from 74802 to 79272 elements in the 20 partitions.
Checking connection integrity
Successfully made a Metis partition using the nodal graph.
Optimizing the partitioning at boundaries.
Round 1: 1382 bulk elements with BCs removed from interface.
Round 2: 68 bulk elements with BCs removed from interface.
Round 3: 66 bulk elements with BCs removed from interface.
Round 4: 66 bulk elements with BCs removed from interface.
Round 5: 33 bulk elements with BCs removed from interface.
Ownership of 1379 parents was changed at BCs
Optimizing for 20 partitions
Creating a table showing all parenting partitions of nodes.
Nodes belong to 5 partitions in maximum
There are 38349 shared nodes which is 14.84 % of all nodes.
The initial owner was not any of the elements for 0 nodes
Checking partitioning before optimization
Checking for partitioning
Information on partition bandwidth
Average 76822 elements with range 4436 in partition
Average 12920 nodes with range 646 in partition
Average 2063 shared nodes with range 821 in partition
Average number of elements in partition 1.292e+04
Maximum deviation in ownership 646
Average deviation in ownership 1.972e+02
Average relative deviation 1.53 %
Checking for problematic sharings
Optimizing sharing for 20 partitions
There shouldn't be any problematic sharings, knock, knock...
Partitioning was not altered
Partitioning routines finished!
Bounding box of all nodes in mesh:
X:[-0.045,0.045] Y:[-0.045,0.045] Z:[-0.026,0.026]
Calculate Mesh Pieces in mesh:
There is a single piece in the mesh, so the mesh is conforming.

Elmergrid saving data with method 2:
-------------------------------------
Saving Elmer mesh in partitioned format
Number of boundary nodes at the boundary: 36769
Number of additional interface nodes: 0
Created subdirectory: partitioning.20
Saving mesh in parallel ElmerSolver format to directory mesh/partitioning.20.
Nodes belong to 5 partitions in maximum
Saving mesh for 20 partitions
   part  elements   nodes      shared   bc elems
   1     76267      12648      2374     2425    
   2     77542      12920      1999     3444    
   3     75104      12921      1629     6139    
   4     78425      13051      2306     4194    
   5     76729      13045      1764     2389    
   6     75989      12645      2413     5463    
   7     75204      12923      1617     4966    
   8     79247      13291      2434     2504    
   9     77570      13194      1751     2264    
   10    77498      12878      2242     4463    
   11    74944      12766      1787     4436    
   12    77158      12868      2281     4569    
   13    74811      12697      1809     2824    
   14    77193      12791      2438     2675    
   15    79101      13291      2140     4111    
   16    76734      13156      1639     6012    
   17    75206      12806      1704     2083    
   18    78585      13035      2413     3507    
   19    76207      12713      2106     3537    
   20    76931      12761      2425     3962    
----------------------------------------------------------------------------------------------
   ave   76822.2    12920.0    2063.6   3798.3   0.0     
Writing of partitioned mesh finished

Thank you for using Elmergrid!
Send bug reports and feature wishes to elmeradm@csc.fi
